Log file open, 09/13/22 17:51:09
LogPakFile:Warning: Spent 0.353 seconds mounting Pak File "../../../ConanSandbox/Content/Paks/Sound.pak". Mounting status: Success
LogPakFile:Warning: Spent 0.107 seconds mounting Pak File "../../../ConanSandbox/Content/Paks/Items.pak". Mounting status: Success
LogPakFile:Warning: Spent 0.116 seconds mounting Pak File "../../../ConanSandbox/Content/Paks/Characters.pak". Mounting status: Success
LogPlatformFile: Not using cached read wrapper
LogTaskGraph: Started task graph with 5 named threads and 6 total threads with 1 sets of task threads.
LogInit: Using libcurl 7.55.1
LogInit:  - built for x86_64-pc-win32
LogInit:  - supports SSL with OpenSSL/1.0.2u
LogInit:  - supports HTTP deflate (compression) using libz 1.2.8
LogInit:  - other features:
LogInit:      CURL_VERSION_SSL
LogInit:      CURL_VERSION_LIBZ
LogInit:      CURL_VERSION_IPV6
LogInit:      CURL_VERSION_ASYNCHDNS
LogInit:      CURL_VERSION_LARGEFILE
LogInit:      CURL_VERSION_IDN
LogInit:  CurlRequestOptions (configurable via config and command line):
LogInit:  - bVerifyPeer = true  - Libcurl will verify peer certificate
LogInit:  - bUseHttpProxy = false  - Libcurl will NOT use HTTP proxy
LogInit:  - bDontReuseConnections = false  - Libcurl will reuse connections
LogInit:  - CertBundlePath = nullptr  - Libcurl will use whatever was configured at build time.
LogInit: WinSock: version 1.1 (2.2), MaxSocks=32767, MaxUdp=65467
LogSilentEventQueue:Warning: Failed to update persistent event, queue is not ready. Category: pse_FlsBackendEnvironment
LogOnlineSubsystemFls:Display: 
--- FLS ENVIRONMENT INFO ---
 OSS:                    Null
 GameTitleId:            A5B4F(Live)
 InstanceName:           DefaultInstance
 IniPlatformName:        
 OnlineEnvironment:      Unknown
 ExportCharacterUrl:     https://exiles-fls-live.azurewebsites.net/api/ExportCharacter?code=6Y06x/Jdx/6R2qyP5JwOsUL5Ny/Fp3aETlYrUIjXirpduwxmc05SOw==
 ImportCharacterUrl:     https://exiles-fls-live.azurewebsites.net/api/ImportCharacter?code=VTHpJa9C8Davf7yo7zZD17lnLlYA0BtyOnRxpClM4uCoag1C/vZkUg==
 GetBuildOverridesUrl:   https://exiles-fls-live.azurewebsites.net/api/GetBuildOverrides?code=QgZ34DOPcBOns8tJvw9P8FmzjsDuwM2d7/nIOrPBTORTXRFYUKHLVg==
LogTemp: Using NVIDIAGfeSDKPlugin version 1.0.0
LogModManager: Starting mod runtime module.
LogInit: Build: ue415-dw-osl-CL-412633.0
LogInit: Engine Version: 4.15.3-412633+ue415-dw-osl
LogInit: Compatible Engine Version: 4.15.0-412633+ue415-dw-osl
LogInit: Net CL: 412633
LogDevObjectVersion: Number of dev versions registered: 14
LogDevObjectVersion:   Dev-Blueprints (B0D832E4-1F89-4F0D-ACCF-7EB736FD4AA2): 8
LogDevObjectVersion:   Dev-Build (E1C64328-A22C-4D53-A36C-8E866417BD8C): 0
LogDevObjectVersion:   Dev-Core (375EC13C-06E4-48FB-B500-84F0262A717E): 2
LogDevObjectVersion:   Dev-Editor (E4B068ED-F494-42E9-A231-DA0B2E46BB41): 15
LogDevObjectVersion:   Dev-Framework (CFFC743F-43B0-4480-9391-14DF171D2073): 23
LogDevObjectVersion:   Dev-Mobile (B02B49B5-BB20-44E9-A304-32B752E40360): 0
LogDevObjectVersion:   Dev-Networking (A4E4105C-59A1-49B5-A7C5-40C4547EDFEE): 0
LogDevObjectVersion:   Dev-Online (39C831C9-5AE6-47DC-9A44-9C173E1C8E7C): 0
LogDevObjectVersion:   Dev-Physics (78F01B33-EBEA-4F98-B9B4-84EACCB95AA2): 0
LogDevObjectVersion:   Dev-Platform (6631380F-2D4D-43E0-8009-CF276956A95A): 0
LogDevObjectVersion:   Dev-Rendering (12F88B9F-8875-4AFC-A67C-D90C383ABD29): 12
LogDevObjectVersion:   Dev-Sequencer (7B5AE74C-D270-4C10-A958-57980B212A5A): 3
LogDevObjectVersion:   Dev-VR (D7296918-1DD6-4BDD-9DE2-64A83CC13884): 0
LogDevObjectVersion:   Dev-LoadTimes (C2A15278-BFE7-4AFE-6C17-90FF531DF755): 1
LogInit: Compiled (64-bit): Sep 13 2022 00:32:21
LogInit: Compiled with Visual C++: 19.00.24215.01
LogInit: Build Configuration: Test
LogInit: Branch Name: ue415-dw-osl
LogInit: Command line: -nosteamclient -game -server -log -userdir=exiles0
LogInit: Base directory: Z:/conanexiles/ConanSandbox/Binaries/Win64/
LogInit: Installed Engine Build: 0
LogInit: Nativized: No
LogInit: Presizing for max 10000000 objects, including 42000 objects not considered by GC, pre-allocating 13000000 bytes for permanent pool.
LogInit: Object subsystem initialized
[2022.09.13-15.51.09:961][  0]LogConsoleManager:Warning: Setting the console variable 'grass.densityScale' to '1.0' with 'SetByScalability' was ignored as it is lower priority than the previous 'SetByProjectSetting'. Value remains '1.5'
[2022.09.13-15.51.09:962][  0]LogInit: Applying CVar settings loaded from the selected device profile: [WindowsServer]
[2022.09.13-15.51.09:982][  0]LogInit: Setting Device Profile CVar: [[r.DynamicRes.FrameTimeBudget:33.3 -> 33.3]]
[2022.09.13-15.51.09:983][  0]LogInit: Computer: [724bf08322f17f1530a379c9be53b52c]
[2022.09.13-15.51.09:983][  0]LogInit: User: [63a9f0ea7bb98050796b649e85481845]
[2022.09.13-15.51.09:983][  0]LogInit: CPU Page size=65536, Cores=2
[2022.09.13-15.51.09:983][  0]LogInit: High frequency timer resolution =10.000000 MHz
[2022.09.13-15.51.09:983][  0]LogMemory: Memory total: Physical=7.8GB (8GB approx)
[2022.09.13-15.51.09:984][  0]LogMemory: Platform Memory Stats for WindowsServer
[2022.09.13-15.51.09:984][  0]LogMemory: Process Physical Memory: 253.74 MB used, 253.74 MB peak
[2022.09.13-15.51.09:984][  0]LogMemory: Process Virtual Memory: 228.63 MB used, 228.63 MB peak
[2022.09.13-15.51.09:984][  0]LogMemory: Physical Memory: 3557.56 MB used,  4398.33 MB free, 7955.89 MB total
[2022.09.13-15.51.09:984][  0]LogMemory: Virtual Memory: 233.29 MB used,  4398.33 MB free, 134217728.00 MB total
[2022.09.13-15.51.10:651][  0]LogTextLocalizationManager: No specific translations for ('en-US') exist, so ('en') translations will be used.
[2022.09.13-15.51.12:241][  0]LogAssetRegistry: FAssetRegistry took 1.1207 seconds to start up
[2022.09.13-15.51.12:397][  0]LogDreamworld:Display: Dreamworld project: ConanSandbox
[2022.09.13-15.51.12:398][  0]LogDreamworld:Display: Dreamworld configuration: ConanSandbox.Client.VS2015.Live.Win64
[2022.09.13-15.51.12:398][  0]LogDreamworld:Display: Dreamworld platform: x64
[2022.09.13-15.51.12:398][  0]LogDreamworld:Display: Dreamworld revision: 412633
[2022.09.13-15.51.12:398][  0]LogDreamworld:Display: Dreamworld snapshot: 34834
[2022.09.13-15.51.12:398][  0]LogDreamworld:Display: Dreamworld branch: exiles-live
[2022.09.13-15.51.12:400][  0]LogDreamworld:Display: Platform (.ini): <unknown>
[2022.09.13-15.51.12:402][  0]LogDreamworld:Display: Platform: WindowsServer
[2022.09.13-15.51.12:402][  0]LogDreamworld:Display: .ini sub-platform prefix: <not specified>
[2022.09.13-15.51.12:428][  0]LogPackageLocalizationCache: Processed 6 localized package path(s) for 2 prioritized culture(s) in 0.010660 seconds
[2022.09.13-15.51.13:098][  0]LogNetVersion: GetLocalNetworkVersion: CL: 412633, ProjectName: conansandbox, ProjectVersion: , EngineNetworkVersion: 2, GameNetworkVersion: 0, NetworkChecksum: 3314829541
[2022.09.13-15.51.13:099][  0]LogNetVersion: GetLocalNetworkVersionOverride: NetworkChecksum: 1232807954
[2022.09.13-15.51.13:135][  0]LogUObjectArray: 53583 objects as part of root set at end of initial load.
[2022.09.13-15.51.13:135][  0]LogUObjectAllocator: 10502616 out of 13000000 bytes used by permanent object pool.
[2022.09.13-15.51.13:136][  0]LogUObjectArray: CloseDisregardForGC: 53583/0 objects in disregard for GC pool
[2022.09.13-15.51.13:186][  0]LogGameTweakSystem:Warning: Failed to load CvarOverrides from cache
[2022.09.13-15.51.13:187][  0]LogGameTweakSystem:Display: Received Build overrides from FLS
[2022.09.13-15.51.13:187][  0]LogGameTweakSystem:Display: GameTweak 'BuildingItemRefund' set to '1'
[2022.09.13-15.51.13:187][  0]LogGameTweakSystem:Display: GameTweak 'RequiresRestartFeature' set to '1'
[2022.09.13-15.51.13:187][  0]LogGameTweakSystem:Display: GameTweak 'RevisionOverride' set to '411914'
[2022.09.13-15.51.13:188][  0]LogGameTweakSystem:Display: GameTweak 'ServerTransfer' set to '0'
[2022.09.13-15.51.13:188][  0]LogGameTweakSystem:Display: GameTweak 'SnapshotOverride' set to '34793'
[2022.09.13-15.51.13:197][  0]ConanSandbox:Display: GetGameTweakDataPatchPath '../../../ConanSandbox/exiles0/Saved/Config/WindowsServer/DataPatches/' does not exist
[2022.09.13-15.51.13:198][  0]UserSettings:Display: User's IP Country Code is --
[2022.09.13-15.51.13:206][  0]ConanSandbox:Display: Server already running, please close previous instance.
[2022.09.13-15.51.13:206][  0]LogWindows: FPlatformMisc::RequestExit(1)
[2022.09.13-15.51.13:207][  0]Log file closed, 09/13/22 17:51:13
