[2022.09.13-16.29.31:821][299]Log file open, 09/13/22 18:29:31
[2022.09.13-16.29.31:821][299]Player Graveworm#43883 entered movement mode Flying (player is not admin)
[2022.09.13-16.30.48:959][586]Player Graveworm#43883 entered movement mode Flying (player is not admin)
[2022.09.13-16.31.54:102][532]Player Graveworm#43883 entered movement mode Flying (player is not admin)
[2022.09.13-16.35.33:739][100]Player Graveworm#43883 entered movement mode Flying (player is not admin)
[2022.09.13-16.37.16:119][151]Player Graveworm#43883 entered movement mode Flying (player is not admin)
[2022.09.13-16.38.40:900][693]Player Graveworm#43883 entered movement mode Flying (player is not admin)
[2022.09.13-16.40.09:172][315]Player Graveworm#43883 entered movement mode Flying (player is not admin)
[2022.09.13-16.41.42:406][101]Player Graveworm#43883 entered movement mode Flying (player is not admin)
[2022.09.13-16.57.06:123][667]Player Graveworm#43883 entered movement mode Flying (player is not admin)
[2022.09.13-17.17.09:366][458]Player Graveworm#43883 entered movement mode Flying (player is not admin)
[2022.09.13-17.18.50:688][457]Player Graveworm#43883 entered movement mode Flying (player is not admin)
[2022.09.13-17.21.54:655][898]Player Graveworm#43883 entered movement mode Flying (player is not admin)
[2022.09.13-17.31.00:299][939]Player Graveworm#43883 entered movement mode Flying (player is not admin)
[2022.09.13-17.34.01:138][319]Player Graveworm#43883 entered movement mode Flying (player is not admin)
[2022.09.13-17.35.49:864][509]Player Graveworm#43883 entered movement mode Flying (player is not admin)
[2022.09.13-17.39.20:021][660]Player Graveworm#43883 entered movement mode Flying (player is not admin)
[2022.09.13-17.50.48:195][959]Player Graveworm#43883 entered movement mode Flying (player is not admin)
[2022.09.13-17.52.34:715][ 75]Player Graveworm#43883 entered movement mode Flying (player is not admin)
[2022.09.13-17.54.05:376][751]Player Graveworm#43883 entered movement mode Flying (player is not admin)
[2022.09.13-17.54.49:132][ 37]Player Graveworm#43883 entered movement mode Flying (player is not admin)
[2022.09.13-18.00.07:843][254]Player Graveworm#43883 entered movement mode Flying (player is not admin)
[2022.09.13-18.02.39:489][724]Player Graveworm#43883 entered movement mode Flying (player is not admin)
[2022.09.13-18.11.31:255][392]Player Graveworm#43883 entered movement mode Flying (player is not admin)
[2022.09.13-18.18.22:838][460]Player Graveworm#43883 entered movement mode Flying (player is not admin)
[2022.09.13-18.20.02:571][391]Player Graveworm#43883 entered movement mode Flying (player is not admin)
[2022.09.13-18.29.49:872][622]Player Graveworm#43883 entered movement mode Flying (player is not admin)
[2022.09.13-18.45.57:742][347]Player Graveworm#43883 entered movement mode Flying (player is not admin)
[2022.09.13-18.47.37:998][325]Player Graveworm#43883 entered movement mode Flying (player is not admin)
[2022.09.13-18.50.20:960][  2]Player Graveworm#43883 entered movement mode Flying (player is not admin)
[2022.09.13-18.53.46:636][149]Player Graveworm#43883 entered movement mode Flying (player is not admin)
[2022.09.13-18.55.43:297][511]Player Graveworm#43883 entered movement mode Flying (player is not admin)
[2022.09.13-19.09.00:315][257]Player Graveworm#43883 entered movement mode Flying (player is not admin)
[2022.09.13-19.10.46:353][413]Player Graveworm#43883 entered movement mode Flying (player is not admin)
[2022.09.13-19.21.48:346][ 90]Player Graveworm#43883 entered movement mode Flying (player is not admin)
[2022.09.13-19.22.41:473][662]Player Graveworm#43883 entered movement mode Flying (player is not admin)
[2022.09.13-19.22.54:865][ 65]Player Graveworm#43883 entered movement mode Flying (player is not admin)
[2022.09.13-19.25.26:533][563]Player Graveworm#43883 entered movement mode Flying (player is not admin)
[2022.09.13-19.27.55:909][978]Player Graveworm#43883 entered movement mode Flying (player is not admin)
[2022.09.13-19.30.11:607][ 17]Player Graveworm#43883 entered movement mode Flying (player is not admin)
[2022.09.13-19.32.08:078][468]Player Graveworm#43883 entered movement mode Flying (player is not admin)
[2022.09.13-19.44.56:242][100]Player Graveworm#43883 entered movement mode Flying (player is not admin)
[2022.09.13-19.49.45:377][661]Player Graveworm#43883 entered movement mode Flying (player is not admin)
[2022.09.14-15.39.55:892][363]Player Graveworm#43883 entered movement mode Flying (player is not admin)
[2022.09.14-15.46.56:504][872]Player Graveworm#43883 entered movement mode Flying (player is not admin)
[2022.09.14-15.52.44:497][220]Player Graveworm#43883 entered movement mode Flying (player is not admin)
[2022.09.14-15.58.53:721][214]Player Graveworm#43883 entered movement mode Flying (player is not admin)
[2022.09.14-16.14.02:040][200]Player Graveworm#43883 entered movement mode Flying (player is not admin)
[2022.09.14-16.28.47:486][601]Player Graveworm#43883 entered movement mode Flying (player is not admin)
[2022.09.14-16.37.42:345][521]Player Graveworm#43883 entered movement mode Flying (player is not admin)
[2022.09.14-16.38.38:407][176]Player Graveworm#43883 entered movement mode Flying (player is not admin)
[2022.09.14-16.52.23:189][648]Player Graveworm#43883 entered movement mode Flying (player is not admin)
[2022.09.14-17.03.58:877][362]Player Graveworm#43883 entered movement mode Flying (player is not admin)
[2022.09.14-17.04.28:329][212]Player Graveworm#43883 entered movement mode Flying (player is not admin)
[2022.09.14-17.14.01:442][215]Player Graveworm#43883 entered movement mode Flying (player is not admin)
[2022.09.14-17.15.09:711][241]Player Graveworm#43883 entered movement mode Flying (player is not admin)
[2022.09.14-17.17.18:954][ 44]Player Graveworm#43883 entered movement mode Flying (player is not admin)
[2022.09.14-17.24.40:660][132]Player Graveworm#43883 entered movement mode Flying (player is not admin)
[2022.09.14-17.27.11:486][588]Player Graveworm#43883 entered movement mode Flying (player is not admin)
[2022.09.14-17.32.11:528][454]Player Graveworm#43883 entered movement mode Flying (player is not admin)
[2022.09.14-17.32.18:494][665]Player Graveworm#43883 entered movement mode Flying (player is not admin)
[2022.09.14-18.20.44:751][127]Player Graveworm#43883 entered movement mode Flying (player is not admin)
[2022.09.14-18.21.39:760][764]Player Graveworm#43883 entered movement mode Flying (player is not admin)
[2022.09.14-18.26.25:023][236]Player Graveworm#43883 entered movement mode Flying (player is not admin)
[2022.09.14-18.36.45:127][531]Player Space Wolchara#66015 entered movement mode Flying (player is not admin)
[2022.09.14-18.36.48:528][634]Player Space Wolchara#66015 entered movement mode Flying (player is not admin)
[2022.09.14-18.38.09:207][ 13]Player Graveworm#43883 entered movement mode Flying (player is not admin)
[2022.09.14-18.39.01:581][585]Player Space Wolchara#66015 entered movement mode Flying (player is not admin)
[2022.09.14-18.40.55:808][981]Player Space Wolchara#66015 entered movement mode Flying (player is not admin)
[2022.09.14-18.40.57:188][ 23]Player Graveworm#43883 entered movement mode Flying (player is not admin)
[2022.09.14-18.41.51:712][638]Player Space Wolchara#66015 entered movement mode Flying (player is not admin)
[2022.09.14-18.41.54:582][725]Player Graveworm#43883 entered movement mode Flying (player is not admin)
[2022.09.14-18.42.53:617][466]Player Graveworm#43883 entered movement mode Flying (player is not admin)
[2022.09.14-18.44.13:402][813]Player Graveworm#43883 entered movement mode Flying (player is not admin)
[2022.09.14-18.44.45:846][760]Player Space Wolchara#66015 entered movement mode Flying (player is not admin)
[2022.09.14-18.44.49:845][881]Player Graveworm#43883 entered movement mode Flying (player is not admin)
[2022.09.14-18.46.40:325][159]Player Graveworm#43883 entered movement mode Flying (player is not admin)
[2022.09.14-18.46.57:595][681]Player Space Wolchara#66015 entered movement mode Flying (player is not admin)
[2022.09.14-18.47.13:637][122]Player Graveworm#43883 entered movement mode Flying (player is not admin)
[2022.09.14-19.01.14:854][ 28]Player Space Wolchara#66015 entered movement mode Flying (player is not admin)
[2022.09.14-19.33.24:114][771]Player Graveworm#43883 entered movement mode Flying (player is not admin)
[2022.09.14-19.34.10:633][144]Player Graveworm#43883 entered movement mode Flying (player is not admin)
[2022.09.14-19.34.31:756][780]Player Space Wolchara#66015 entered movement mode Flying (player is not admin)
[2022.09.14-19.34.38:760][981]Player Graveworm#43883 entered movement mode Flying (player is not admin)
[2022.09.14-19.38.23:372][614]Player Space Wolchara#66015 entered movement mode Flying (player is not admin)
[2022.09.14-19.38.29:099][784]Player Graveworm#43883 entered movement mode Flying (player is not admin)
[2022.09.14-19.39.46:074][ 73]Player Graveworm#43883 entered movement mode Flying (player is not admin)
[2022.09.14-19.43.03:986][934]Player Space Wolchara#66015 entered movement mode Flying (player is not admin)
[2022.09.14-19.44.29:281][477]Player Graveworm#43883 entered movement mode Flying (player is not admin)
[2022.09.14-19.45.27:907][217]Player Space Wolchara#66015 entered movement mode Flying (player is not admin)
[2022.09.14-19.45.35:425][445]Player Graveworm#43883 entered movement mode Flying (player is not admin)
[2022.09.14-19.45.47:277][794]Player Space Wolchara#66015 entered movement mode Flying (player is not admin)
[2022.09.14-19.48.02:752][800]Player Space Wolchara#66015 entered movement mode Flying (player is not admin)
[2022.09.14-19.48.15:377][182]Player Graveworm#43883 entered movement mode Flying (player is not admin)
[2022.09.14-19.50.43:194][595]Player Graveworm#43883 entered movement mode Flying (player is not admin)
[2022.09.14-19.52.10:954][150]Player Graveworm#43883 entered movement mode Flying (player is not admin)
[2022.09.14-19.52.50:434][310]Player Graveworm#43883 entered movement mode Flying (player is not admin)
[2022.09.14-19.57.25:588][367]Player Graveworm#43883 entered movement mode Flying (player is not admin)
[2022.09.14-20.00.11:332][273]Player Space Wolchara#66015 entered movement mode Flying (player is not admin)
[2022.09.14-20.00.23:491][632]Player Graveworm#43883 entered movement mode Flying (player is not admin)
[2022.09.14-20.04.36:016][959]Player Space Wolchara#66015 entered movement mode Flying (player is not admin)
[2022.09.14-20.05.31:129][595]Player Graveworm#43883 entered movement mode Flying (player is not admin)
[2022.09.14-20.08.53:856][327]Player Space Wolchara#66015 entered movement mode Flying (player is not admin)
[2022.09.14-20.09.48:562][953]Player Graveworm#43883 entered movement mode Flying (player is not admin)
[2022.09.14-20.10.29:780][172]Player Graveworm#43883 entered movement mode Flying (player is not admin)
[2022.09.14-20.12.10:803][203]Player Graveworm#43883 entered movement mode Flying (player is not admin)
[2022.09.14-20.12.44:624][185]Player Space Wolchara#66015 entered movement mode Flying (player is not admin)
[2022.09.14-20.12.48:788][311]Player Graveworm#43883 entered movement mode Flying (player is not admin)
[2022.09.14-20.13.59:661][394]Player Graveworm#43883 entered movement mode Flying (player is not admin)
[2022.09.14-20.14.26:876][187]Player Graveworm#43883 entered movement mode Flying (player is not admin)
[2022.09.14-20.15.05:272][351]Player Graveworm#43883 entered movement mode Flying (player is not admin)
[2022.09.14-20.15.27:701][  3]Player Space Wolchara#66015 entered movement mode Flying (player is not admin)
[2022.09.14-20.17.04:489][883]Player Graveworm#43883 entered movement mode Flying (player is not admin)
[2022.09.14-20.18.30:189][404]Player Space Wolchara#66015 entered movement mode Flying (player is not admin)
[2022.09.14-20.19.42:535][555]Player Graveworm#43883 entered movement mode Flying (player is not admin)
[2022.09.14-20.20.19:849][678]Player Graveworm#43883 entered movement mode Flying (player is not admin)
[2022.09.14-20.23.10:761][653]Player Space Wolchara#66015 entered movement mode Flying (player is not admin)
[2022.09.14-20.25.57:747][585]Player Space Wolchara#66015 entered movement mode Flying (player is not admin)
[2022.09.14-20.27.41:380][477]Player Graveworm#43883 entered movement mode Flying (player is not admin)
[2022.09.14-20.31.57:311][737]Player Graveworm#43883 entered movement mode Flying (player is not admin)
[2022.09.14-20.32.21:074][388]Player Graveworm#43883 entered movement mode Flying (player is not admin)
[2022.09.14-20.36.04:716][ 10]Player Space Wolchara#66015 entered movement mode Flying (player is not admin)
[2022.09.14-20.37.07:230][867]Player Graveworm#43883 entered movement mode Flying (player is not admin)
[2022.09.14-20.38.14:568][872]Player Graveworm#43883 entered movement mode Flying (player is not admin)
[2022.09.14-20.39.47:757][649]Player Graveworm#43883 entered movement mode Flying (player is not admin)
[2022.09.15-05.54.45:215][764]Player Graveworm#43883 entered movement mode Flying (player is not admin)
[2022.09.15-05.56.00:605][988]Player Graveworm#43883 entered movement mode Flying (player is not admin)
[2022.09.15-14.53.07:441][645]Player Graveworm#43883 entered movement mode Flying (player is not admin)
[2022.09.15-15.00.18:593][434]Player Graveworm#43883 entered movement mode Flying (player is not admin)
[2022.09.15-15.42.27:728][376]Player Graveworm#43883 entered movement mode Flying (player is not admin)
[2022.09.15-15.49.33:605][995]Player Graveworm#43883 entered movement mode Flying (player is not admin)
[2022.09.15-15.57.15:921][400]Player Graveworm#43883 entered movement mode Flying (player is not admin)
[2022.09.15-15.59.12:390][846]Player Graveworm#43883 entered movement mode Flying (player is not admin)
[2022.09.15-15.59.37:172][567]Player Graveworm#43883 entered movement mode Flying (player is not admin)
[2022.09.15-16.03.11:071][932]Player Graveworm#43883 entered movement mode Flying (player is not admin)
[2022.09.15-17.05.13:513][234]Player Graveworm#43883 entered movement mode Flying (player is not admin)
[2022.09.15-17.06.39:534][739]Player Graveworm#43883 entered movement mode Flying (player is not admin)
[2022.09.15-17.08.39:589][164]Player Graveworm#43883 entered movement mode Flying (player is not admin)
[2022.09.15-17.18.43:123][ 87]Player Graveworm#43883 entered movement mode Flying (player is not admin)
[2022.09.15-17.21.05:944][232]Player Graveworm#43883 entered movement mode Flying (player is not admin)
[2022.09.15-17.26.47:794][355]Player Space Wolchara#66015 entered movement mode Flying (player is not admin)
[2022.09.15-17.35.12:346][244]Player Graveworm#43883 entered movement mode Flying (player is not admin)
[2022.09.15-17.36.23:028][355]Player Graveworm#43883 entered movement mode Flying (player is not admin)
[2022.09.15-17.37.28:579][310]Player Space Wolchara#66015 entered movement mode Flying (player is not admin)
[2022.09.15-17.37.37:776][589]Player Space Wolchara#66015 entered movement mode Flying (player is not admin)
[2022.09.15-17.38.05:711][401]Player Space Wolchara#66015 entered movement mode Flying (player is not admin)
[2022.09.15-17.38.14:823][677]Player Graveworm#43883 entered movement mode Flying (player is not admin)
[2022.09.15-17.45.39:038][829]Player Graveworm#43883 entered movement mode Flying (player is not admin)
[2022.09.15-17.45.53:373][263]Player Space Wolchara#66015 entered movement mode Flying (player is not admin)
[2022.09.15-17.46.39:263][411]Player Space Wolchara#66015 entered movement mode Flying (player is not admin)
[2022.09.15-17.46.48:398][688]Player Graveworm#43883 entered movement mode Flying (player is not admin)
[2022.09.15-17.48.48:342][213]Player Graveworm#43883 entered movement mode Flying (player is not admin)
[2022.09.15-17.48.53:856][380]Player Space Wolchara#66015 entered movement mode Flying (player is not admin)
[2022.09.15-17.51.42:129][275]Player Graveworm#43883 entered movement mode Flying (player is not admin)
[2022.09.15-17.51.48:856][479]Player Space Wolchara#66015 entered movement mode Flying (player is not admin)
[2022.09.15-17.55.55:251][791]Player Space Wolchara#66015 entered movement mode Flying (player is not admin)
[2022.09.15-17.56.01:979][995]Player Graveworm#43883 entered movement mode Flying (player is not admin)
[2022.09.15-17.56.37:721][983]Player Graveworm#43883 entered movement mode Flying (player is not admin)
[2022.09.15-17.56.44:064][175]Player Space Wolchara#66015 entered movement mode Flying (player is not admin)
[2022.09.15-18.01.23:044][410]Player Graveworm#43883 entered movement mode Flying (player is not admin)
[2022.09.15-18.04.32:470][ 40]Player Graveworm#43883 entered movement mode Flying (player is not admin)
[2022.09.15-18.04.37:434][191]Player Space Wolchara#66015 entered movement mode Flying (player is not admin)
[2022.09.15-18.06.14:417][ 87]Player Space Wolchara#66015 entered movement mode Flying (player is not admin)
[2022.09.15-18.06.17:896][182]Player Graveworm#43883 entered movement mode Flying (player is not admin)
[2022.09.15-18.07.05:613][595]Player Graveworm#43883 entered movement mode Flying (player is not admin)
[2022.09.15-18.09.56:185][653]Player Graveworm#43883 entered movement mode Flying (player is not admin)
[2022.09.15-18.23.24:206][567]Player Graveworm#43883 entered movement mode Flying (player is not admin)
[2022.09.15-18.31.27:602][714]Player Graveworm#43883 entered movement mode Flying (player is not admin)
[2022.09.15-18.32.13:277][ 59]Player Graveworm#43883 entered movement mode Flying (player is not admin)
[2022.09.15-18.35.54:166][480]Player Graveworm#43883 entered movement mode Flying (player is not admin)
[2022.09.15-18.38.17:887][772]Player Graveworm#43883 entered movement mode Flying (player is not admin)
[2022.09.15-18.43.14:711][556]Player Graveworm#43883 entered movement mode Flying (player is not admin)
[2022.09.15-18.43.40:266][316]Player Graveworm#43883 entered movement mode Flying (player is not admin)
[2022.09.15-18.48.00:682][761]Player Graveworm#43883 entered movement mode Flying (player is not admin)
[2022.09.15-19.20.57:649][219]Player Graveworm#43883 entered movement mode Flying (player is not admin)
[2022.09.15-19.22.04:689][201]Player Graveworm#43883 entered movement mode Flying (player is not admin)
[2022.09.15-19.25.54:423][980]Player Graveworm#43883 entered movement mode Flying (player is not admin)
[2022.09.15-19.27.00:153][837]Player Graveworm#43883 entered movement mode Flying (player is not admin)
[2022.09.15-19.28.49:725][ 35]Player Graveworm#43883 entered movement mode Flying (player is not admin)
[2022.09.15-19.33.12:981][567]Player Graveworm#43883 entered movement mode Flying (player is not admin)
[2022.09.15-19.33.55:549][816]Player Space Wolchara#66015 entered movement mode Flying (player is not admin)
[2022.09.15-19.34.38:378][ 62]Player Space Wolchara#66015 entered movement mode Flying (player is not admin)
[2022.09.15-19.35.04:056][836]Player Graveworm#43883 entered movement mode Flying (player is not admin)
[2022.09.15-19.36.35:285][503]Player Space Wolchara#66015 entered movement mode Flying (player is not admin)
[2022.09.15-19.38.02:429][ 25]Player Graveworm#43883 entered movement mode Flying (player is not admin)
[2022.09.15-19.39.29:716][618]Player Space Wolchara#66015 entered movement mode Flying (player is not admin)
[2022.09.15-19.40.02:000][548]Player Graveworm#43883 entered movement mode Flying (player is not admin)
[2022.09.15-19.40.08:595][747]Player Space Wolchara#66015 entered movement mode Flying (player is not admin)
[2022.09.15-19.40.23:419][196]Player Space Wolchara#66015 entered movement mode Flying (player is not admin)
[2022.09.15-19.40.34:814][532]Player Space Wolchara#66015 entered movement mode Flying (player is not admin)
[2022.09.15-19.40.51:789][  8]Player Graveworm#43883 entered movement mode Flying (player is not admin)
[2022.09.15-19.42.52:384][452]Player Graveworm#43883 entered movement mode Flying (player is not admin)
[2022.09.15-19.43.28:917][556]Player Graveworm#43883 entered movement mode Flying (player is not admin)
[2022.09.15-19.44.34:721][506]Player Graveworm#43883 entered movement mode Flying (player is not admin)
[2022.09.15-20.00.19:179][578]Player Graveworm#43883 entered movement mode Flying (player is not admin)
[2022.09.15-20.00.38:520][165]Player Graveworm#43883 entered movement mode Flying (player is not admin)
[2022.09.15-20.05.42:573][119]Player Graveworm#43883 entered movement mode Flying (player is not admin)
[2022.09.15-20.07.01:830][444]Player Graveworm#43883 entered movement mode Flying (player is not admin)
[2022.09.15-20.12.04:321][338]Player Graveworm#43883 entered movement mode Flying (player is not admin)
[2022.09.15-20.17.02:730][ 33]Player Graveworm#43883 entered movement mode Flying (player is not admin)
[2022.09.15-20.18.33:607][739]Player Graveworm#43883 entered movement mode Flying (player is not admin)
[2022.09.15-20.19.16:214][990]Player Graveworm#43883 entered movement mode Flying (player is not admin)
[2022.09.15-20.28.03:773][506]Player Graveworm#43883 entered movement mode Flying (player is not admin)
[2022.09.15-20.28.36:129][454]Player Graveworm#43883 entered movement mode Flying (player is not admin)
[2022.09.15-20.29.19:281][714]Player Graveworm#43883 entered movement mode Flying (player is not admin)
[2022.09.16-14.15.42:772][309]Player Graveworm#43883 entered movement mode Flying (player is not admin)
[2022.09.16-14.16.08:485][ 85]Player Graveworm#43883 entered movement mode Flying (player is not admin)
[2022.09.16-14.17.35:608][626]Player Graveworm#43883 entered movement mode Flying (player is not admin)
[2022.09.16-14.26.04:532][423]Player Graveworm#43883 entered movement mode Flying (player is not admin)
[2022.09.16-14.51.13:386][680]Player Graveworm#43883 entered movement mode Flying (player is not admin)
[2022.09.16-14.59.16:352][921]Player Graveworm#43883 entered movement mode Flying (player is not admin)
[2022.09.16-14.59.46:445][827]Player Graveworm#43883 entered movement mode Flying (player is not admin)
[2022.09.16-15.02.12:808][106]Player Graveworm#43883 entered movement mode Flying (player is not admin)
[2022.09.16-15.02.50:614][245]Player Graveworm#43883 entered movement mode Flying (player is not admin)
[2022.09.16-15.05.16:677][532]Player Graveworm#43883 entered movement mode Flying (player is not admin)
[2022.09.16-15.08.53:904][985]Player Graveworm#43883 entered movement mode Flying (player is not admin)
[2022.09.16-15.10.35:316][975]Player Graveworm#43883 entered movement mode Flying (player is not admin)
[2022.09.16-15.25.13:641][794]Player Graveworm#43883 entered movement mode Flying (player is not admin)
[2022.09.16-15.28.24:353][275]Player Graveworm#43883 entered movement mode Flying (player is not admin)
[2022.09.16-15.29.24:668][ 55]Player Graveworm#43883 entered movement mode Flying (player is not admin)
[2022.09.16-15.31.18:022][398]Player Graveworm#43883 entered movement mode Flying (player is not admin)
[2022.09.16-15.49.34:174][805]Player Graveworm#43883 entered movement mode Flying (player is not admin)
[2022.09.16-15.51.15:789][784]Player Graveworm#43883 entered movement mode Flying (player is not admin)
[2022.09.16-15.52.06:429][264]Player Graveworm#43883 entered movement mode Flying (player is not admin)
[2022.09.16-15.59.55:568][ 83]Player Graveworm#43883 entered movement mode Flying (player is not admin)
[2022.09.16-16.01.24:442][723]Player Graveworm#43883 entered movement mode Flying (player is not admin)
[2022.09.16-16.04.04:296][427]Player Graveworm#43883 entered movement mode Flying (player is not admin)
[2022.09.16-16.04.50:705][829]Player Graveworm#43883 entered movement mode Flying (player is not admin)
[2022.09.16-16.05.40:510][295]Player Graveworm#43883 entered movement mode Flying (player is not admin)
[2022.09.16-16.07.50:849][ 83]Player Graveworm#43883 entered movement mode Flying (player is not admin)
[2022.09.16-16.14.56:741][536]Player Graveworm#43883 entered movement mode Flying (player is not admin)
[2022.09.16-16.17.33:465][155]Player Graveworm#43883 entered movement mode Flying (player is not admin)
[2022.09.16-17.16.24:439][204]Player Graveworm#43883 entered movement mode Flying (player is not admin)
[2022.09.16-17.17.41:854][478]Player Graveworm#43883 entered movement mode Flying (player is not admin)
[2022.09.16-17.19.21:927][373]Player Graveworm#43883 entered movement mode Flying (player is not admin)
[2022.09.16-17.21.34:729][285]Player Graveworm#43883 entered movement mode Flying (player is not admin)
[2022.09.16-17.23.00:985][833]Player Graveworm#43883 entered movement mode Flying (player is not admin)
[2022.09.16-17.26.02:633][959]Player Graveworm#43883 entered movement mode Flying (player is not admin)
[2022.09.16-17.28.45:983][701]Player Graveworm#43883 entered movement mode Flying (player is not admin)
[2022.09.16-17.29.25:793][850]Player Graveworm#43883 entered movement mode Flying (player is not admin)
[2022.09.16-17.30.01:795][936]Player Graveworm#43883 entered movement mode Flying (player is not admin)
[2022.09.16-17.32.34:582][401]Player Graveworm#43883 entered movement mode Flying (player is not admin)
[2022.09.16-17.33.41:938][372]Player Graveworm#43883 entered movement mode Flying (player is not admin)
[2022.09.16-17.35.01:030][705]Player Graveworm#43883 entered movement mode Flying (player is not admin)
[2022.09.16-17.37.28:579][ 79]Player Graveworm#43883 entered movement mode Flying (player is not admin)
[2022.09.16-17.38.03:034][ 83]Player Graveworm#43883 entered movement mode Flying (player is not admin)
[2022.09.16-17.48.22:900][232]Player Graveworm#43883 entered movement mode Flying (player is not admin)
[2022.09.16-17.48.50:566][ 25]Player Graveworm#43883 entered movement mode Flying (player is not admin)
[2022.09.16-18.04.23:254][515]Player Graveworm#43883 entered movement mode Flying (player is not admin)
[2022.09.16-18.04.48:875][289]Player Graveworm#43883 entered movement mode Flying (player is not admin)
[2022.09.16-18.07.33:825][970]Player Graveworm#43883 entered movement mode Flying (player is not admin)
[2022.09.16-18.11.19:735][586]Player Graveworm#43883 entered movement mode Flying (player is not admin)
[2022.09.16-18.15.09:597][206]Player Graveworm#43883 entered movement mode Flying (player is not admin)
[2022.09.16-18.16.00:705][755]Player Graveworm#43883 entered movement mode Flying (player is not admin)
[2022.09.16-18.20.28:491][636]Player Graveworm#43883 entered movement mode Flying (player is not admin)
[2022.09.16-18.21.06:877][782]Player Graveworm#43883 entered movement mode Flying (player is not admin)
[2022.09.16-18.27.30:554][ 91]Player Graveworm#43883 entered movement mode Flying (player is not admin)
[2022.09.16-18.59.15:191][679]Player Graveworm#43883 entered movement mode Flying (player is not admin)
[2022.09.16-19.00.25:952][673]Player Graveworm#43883 entered movement mode Flying (player is not admin)
[2022.09.16-19.01.59:426][307]Player Graveworm#43883 entered movement mode Flying (player is not admin)
[2022.09.16-19.05.06:345][647]Player Graveworm#43883 entered movement mode Flying (player is not admin)
[2022.09.17-07.47.15:591][927]Player Graveworm#43883 entered movement mode Flying (player is not admin)
[2022.09.17-07.47.53:288][ 59]Player Graveworm#43883 entered movement mode Flying (player is not admin)
[2022.09.17-07.48.17:101][730]Player Graveworm#43883 entered movement mode Flying (player is not admin)
[2022.09.17-07.50.26:456][301]Player Graveworm#43883 entered movement mode Flying (player is not admin)
[2022.09.17-07.51.51:268][805]Player Graveworm#43883 entered movement mode Flying (player is not admin)
[2022.09.17-07.56.12:742][504]Player Graveworm#43883 entered movement mode Flying (player is not admin)
