[2022.09.11-08.29.28:169][321]Log file open, 09/11/22 10:29:28
[2022.09.11-08.29.28:169][321]Player Graveworm#43883 entered movement mode Flying (player is not admin)
[2022.09.11-08.29.38:102][622]Player Graveworm#43883 entered movement mode Flying (player is not admin)
[2022.09.11-08.33.30:710][546]Player Graveworm#43883 entered movement mode Flying (player is not admin)
[2022.09.11-08.34.01:875][465]Player Graveworm#43883 entered movement mode Flying (player is not admin)
[2022.09.11-08.37.34:861][836]Player Graveworm#43883 entered movement mode Flying (player is not admin)
[2022.09.11-08.41.17:183][413]Player Graveworm#43883 entered movement mode Flying (player is not admin)
[2022.09.11-08.50.31:423][829]Player Graveworm#43883 entered movement mode Flying (player is not admin)
[2022.09.11-08.53.43:239][541]Player Graveworm#43883 entered movement mode Flying (player is not admin)
[2022.09.11-08.57.32:779][383]Player Graveworm#43883 entered movement mode Flying (player is not admin)
[2022.09.11-09.03.00:601][134]Player Graveworm#43883 entered movement mode Flying (player is not admin)
[2022.09.11-09.10.55:513][228]Player Graveworm#43883 entered movement mode Flying (player is not admin)
[2022.09.11-09.12.02:651][230]Player Graveworm#43883 entered movement mode Flying (player is not admin)
[2022.09.11-09.12.25:502][892]Player Graveworm#43883 entered movement mode Flying (player is not admin)
[2022.09.11-09.17.38:447][215]Player Graveworm#43883 entered movement mode Flying (player is not admin)
[2022.09.11-10.19.11:721][ 81]Player Graveworm#43883 entered movement mode Flying (player is not admin)
[2022.09.11-10.20.24:816][265]Player Graveworm#43883 entered movement mode Flying (player is not admin)
[2022.09.11-11.46.47:629][440]Player Graveworm#43883 entered movement mode Flying (player is not admin)
[2022.09.11-11.47.07:505][ 37]Player Graveworm#43883 entered movement mode Flying (player is not admin)
[2022.09.11-11.48.43:967][885]Player Graveworm#43883 entered movement mode Flying (player is not admin)
[2022.09.11-12.01.43:422][106]Player Graveworm#43883 entered movement mode Flying (player is not admin)
[2022.09.11-12.06.17:449][155]Player Graveworm#43883 entered movement mode Flying (player is not admin)
[2022.09.11-12.11.12:190][850]Player Graveworm#43883 entered movement mode Flying (player is not admin)
[2022.09.11-12.14.14:687][291]Player Graveworm#43883 entered movement mode Flying (player is not admin)
[2022.09.11-12.24.13:299][134]Player Graveworm#43883 entered movement mode Flying (player is not admin)
[2022.09.11-12.26.57:234][ 36]Player Graveworm#43883 entered movement mode Flying (player is not admin)
[2022.09.11-12.34.16:267][113]Player Graveworm#43883 entered movement mode Flying (player is not admin)
[2022.09.11-12.34.40:023][826]Player Graveworm#43883 entered movement mode Flying (player is not admin)
[2022.09.11-12.38.33:570][790]Player Graveworm#43883 entered movement mode Flying (player is not admin)
[2022.09.11-12.39.10:564][912]Player Graveworm#43883 entered movement mode Flying (player is not admin)
[2022.09.11-12.42.52:972][548]Player Graveworm#43883 entered movement mode Flying (player is not admin)
[2022.09.11-12.45.17:690][877]Player Graveworm#43883 entered movement mode Flying (player is not admin)
[2022.09.11-12.48.10:448][  9]Player Graveworm#43883 entered movement mode Flying (player is not admin)
[2022.09.11-14.44.15:458][680]Player Graveworm#43883 entered movement mode Flying (player is not admin)
[2022.09.11-14.48.52:303][864]Player Graveworm#43883 entered movement mode Flying (player is not admin)
[2022.09.11-14.54.57:965][702]Player Graveworm#43883 entered movement mode Flying (player is not admin)
[2022.09.11-14.59.34:700][935]Player Graveworm#43883 entered movement mode Flying (player is not admin)
[2022.09.11-15.00.24:597][446]Player Graveworm#43883 entered movement mode Flying (player is not admin)
[2022.09.11-15.02.11:650][626]Player Graveworm#43883 entered movement mode Flying (player is not admin)
[2022.09.11-15.02.46:520][657]Player Graveworm#43883 entered movement mode Flying (player is not admin)
[2022.09.11-15.05.02:577][720]Player Graveworm#43883 entered movement mode Flying (player is not admin)
[2022.09.11-15.05.28:439][503]Player Graveworm#43883 entered movement mode Flying (player is not admin)
[2022.09.11-15.17.19:876][370]Player Graveworm#43883 entered movement mode Flying (player is not admin)
[2022.09.11-15.20.00:847][152]Player Graveworm#43883 entered movement mode Flying (player is not admin)
[2022.09.11-15.21.09:411][194]Player Graveworm#43883 entered movement mode Flying (player is not admin)
[2022.09.11-15.25.21:726][715]Player Graveworm#43883 entered movement mode Flying (player is not admin)
[2022.09.11-15.26.07:784][ 79]Player Graveworm#43883 entered movement mode Flying (player is not admin)
[2022.09.11-15.28.53:165][997]Player Graveworm#43883 entered movement mode Flying (player is not admin)
[2022.09.11-15.36.35:483][721]Player Graveworm#43883 entered movement mode Flying (player is not admin)
[2022.09.11-15.39.42:909][276]Player Graveworm#43883 entered movement mode Flying (player is not admin)
[2022.09.11-15.43.05:441][205]Player Graveworm#43883 entered movement mode Flying (player is not admin)
[2022.09.11-15.45.28:912][456]Player Graveworm#43883 entered movement mode Flying (player is not admin)
[2022.09.11-15.45.45:734][964]Player Graveworm#43883 entered movement mode Flying (player is not admin)
[2022.09.11-15.46.12:788][747]Player Graveworm#43883 entered movement mode Flying (player is not admin)
[2022.09.11-15.46.41:739][621]Player Graveworm#43883 entered movement mode Flying (player is not admin)
[2022.09.11-16.04.34:672][929]Player Graveworm#43883 entered movement mode Flying (player is not admin)
[2022.09.11-16.06.26:815][269]Player Graveworm#43883 entered movement mode Flying (player is not admin)
[2022.09.11-16.48.57:367][980]Player Graveworm#43883 entered movement mode Flying (player is not admin)
[2022.09.11-16.50.37:518][978]Player Graveworm#43883 entered movement mode Flying (player is not admin)
[2022.09.11-16.51.40:736][849]Player Graveworm#43883 entered movement mode Flying (player is not admin)
[2022.09.11-16.55.42:459][ 59]Player Graveworm#43883 entered movement mode Flying (player is not admin)
[2022.09.11-16.58.22:506][821]Player Graveworm#43883 entered movement mode Flying (player is not admin)
[2022.09.11-17.01.23:481][204]Player Graveworm#43883 entered movement mode Flying (player is not admin)
[2022.09.11-17.03.53:372][657]Player Graveworm#43883 entered movement mode Flying (player is not admin)
[2022.09.11-18.35.25:350][992]Player Graveworm#43883 entered movement mode Flying (player is not admin)
[2022.09.11-18.36.57:491][763]Player Graveworm#43883 entered movement mode Flying (player is not admin)
[2022.09.11-18.37.57:946][566]Player Graveworm#43883 entered movement mode Flying (player is not admin)
[2022.09.11-18.38.53:274][209]Player Graveworm#43883 entered movement mode Flying (player is not admin)
[2022.09.11-18.41.56:752][674]Player Graveworm#43883 entered movement mode Flying (player is not admin)
[2022.09.11-18.47.37:578][812]Player Graveworm#43883 entered movement mode Flying (player is not admin)
[2022.09.11-18.51.09:728][116]Player Graveworm#43883 entered movement mode Flying (player is not admin)
[2022.09.11-18.52.49:667][ 75]Player Graveworm#43883 entered movement mode Flying (player is not admin)
[2022.09.11-18.55.17:295][490]Player Graveworm#43883 entered movement mode Flying (player is not admin)
[2022.09.11-19.08.16:086][693]Player Graveworm#43883 entered movement mode Flying (player is not admin)
[2022.09.11-19.11.10:012][876]Player Graveworm#43883 entered movement mode Flying (player is not admin)
[2022.09.11-19.13.13:445][515]Player Graveworm#43883 entered movement mode Flying (player is not admin)
[2022.09.11-19.19.46:027][150]Player Graveworm#43883 entered movement mode Flying (player is not admin)
[2022.09.11-19.30.54:809][877]Player Graveworm#43883 entered movement mode Flying (player is not admin)
[2022.09.11-19.35.25:544][963]Player Graveworm#43883 entered movement mode Flying (player is not admin)
[2022.09.11-19.37.39:520][860]Player Graveworm#43883 entered movement mode Flying (player is not admin)
[2022.09.11-19.40.02:714][116]Player Graveworm#43883 entered movement mode Flying (player is not admin)
[2022.09.11-19.41.25:330][594]Player Graveworm#43883 entered movement mode Flying (player is not admin)
[2022.09.11-19.44.21:088][820]Player Graveworm#43883 entered movement mode Flying (player is not admin)
[2022.09.11-19.45.39:006][150]Player Graveworm#43883 entered movement mode Flying (player is not admin)
[2022.09.11-19.45.52:084][546]Player Graveworm#43883 entered movement mode Flying (player is not admin)
[2022.09.11-19.48.42:387][612]Player Graveworm#43883 entered movement mode Flying (player is not admin)
[2022.09.11-19.49.10:923][451]Player Graveworm#43883 entered movement mode Flying (player is not admin)
[2022.09.11-19.53.31:298][ 81]Player Graveworm#43883 entered movement mode Flying (player is not admin)
[2022.09.11-19.54.34:305][961]Player Graveworm#43883 entered movement mode Flying (player is not admin)
[2022.09.11-19.55.57:932][437]Player Graveworm#43883 entered movement mode Flying (player is not admin)
[2022.09.11-19.56.10:021][777]Player Graveworm#43883 entered movement mode Flying (player is not admin)
[2022.09.11-19.56.50:737][ 13]Player Graveworm#43883 entered movement mode Flying (player is not admin)
[2022.09.11-20.10.10:084][797]Player Graveworm#43883 entered movement mode Flying (player is not admin)
[2022.09.11-20.10.44:814][819]Player Graveworm#43883 entered movement mode Flying (player is not admin)
[2022.09.11-20.11.40:594][479]Player Graveworm#43883 entered movement mode Flying (player is not admin)
[2022.09.11-20.12.40:929][281]Player Graveworm#43883 entered movement mode Flying (player is not admin)
[2022.09.11-20.14.04:685][786]Player Graveworm#43883 entered movement mode Flying (player is not admin)
[2022.09.11-20.15.47:244][806]Player Graveworm#43883 entered movement mode Flying (player is not admin)
[2022.09.11-20.19.03:028][640]Player Graveworm#43883 entered movement mode Flying (player is not admin)
[2022.09.11-20.19.49:775][ 32]Player Graveworm#43883 entered movement mode Flying (player is not admin)
[2022.09.11-20.22.51:335][373]Player Graveworm#43883 entered movement mode Flying (player is not admin)
[2022.09.11-20.25.49:208][268]Player Graveworm#43883 entered movement mode Flying (player is not admin)
[2022.09.11-20.26.17:692][132]Player Graveworm#43883 entered movement mode Flying (player is not admin)
[2022.09.11-20.30.28:677][579]Player Space Wolchara#66015 entered movement mode Flying (player is not admin)
[2022.09.11-20.33.34:231][ 38]Player Space Wolchara#66015 entered movement mode Flying (player is not admin)
[2022.09.11-20.35.02:230][671]Player Space Wolchara#66015 entered movement mode Flying (player is not admin)
[2022.09.11-20.36.51:422][895]Player Space Wolchara#66015 entered movement mode Flying (player is not admin)
[2022.09.12-05.28.37:881][157]Player Graveworm#43883 entered movement mode Flying (player is not admin)
[2022.09.12-05.36.08:777][600]Player Graveworm#43883 entered movement mode Flying (player is not admin)
[2022.09.12-05.39.24:665][453]Player Graveworm#43883 entered movement mode Flying (player is not admin)
[2022.09.12-05.41.10:945][602]Player Graveworm#43883 entered movement mode Flying (player is not admin)
[2022.09.12-05.43.25:181][609]Player Graveworm#43883 entered movement mode Flying (player is not admin)
[2022.09.12-05.45.22:015][ 80]Player Graveworm#43883 entered movement mode Flying (player is not admin)
[2022.09.12-05.48.39:179][954]Player Graveworm#43883 entered movement mode Flying (player is not admin)
[2022.09.12-15.04.13:225][555]Player Graveworm#43883 entered movement mode Flying (player is not admin)
[2022.09.12-15.06.42:857][  8]Player Graveworm#43883 entered movement mode Flying (player is not admin)
[2022.09.12-15.07.30:283][412]Player Graveworm#43883 entered movement mode Flying (player is not admin)
[2022.09.12-15.10.14:212][322]Player Graveworm#43883 entered movement mode Flying (player is not admin)
[2022.09.12-15.12.04:934][624]Player Graveworm#43883 entered movement mode Flying (player is not admin)
[2022.09.12-15.14.17:183][573]Player Graveworm#43883 entered movement mode Flying (player is not admin)
[2022.09.12-15.14.56:735][742]Player Graveworm#43883 entered movement mode Flying (player is not admin)
[2022.09.12-15.17.42:896][685]Player Graveworm#43883 entered movement mode Flying (player is not admin)
[2022.09.12-15.19.55:765][655]Player Graveworm#43883 entered movement mode Flying (player is not admin)
[2022.09.12-15.25.18:537][288]Player Graveworm#43883 entered movement mode Flying (player is not admin)
[2022.09.12-15.30.50:420][184]Player Graveworm#43883 entered movement mode Flying (player is not admin)
[2022.09.12-15.40.12:195][855]Player Graveworm#43883 entered movement mode Flying (player is not admin)
[2022.09.12-15.51.29:048][951]Player Graveworm#43883 entered movement mode Flying (player is not admin)
[2022.09.12-15.53.28:752][502]Player Graveworm#43883 entered movement mode Flying (player is not admin)
[2022.09.12-15.55.59:430][930]Player Graveworm#43883 entered movement mode Flying (player is not admin)
[2022.09.12-15.56.43:853][272]Player Graveworm#43883 entered movement mode Flying (player is not admin)
[2022.09.12-16.01.50:603][373]Player Graveworm#43883 entered movement mode Flying (player is not admin)
[2022.09.12-16.03.18:835][  7]Player Graveworm#43883 entered movement mode Flying (player is not admin)
[2022.09.12-16.05.45:178][358]Player Graveworm#43883 entered movement mode Flying (player is not admin)
[2022.09.12-16.11.46:274][ 78]Player Graveworm#43883 entered movement mode Flying (player is not admin)
[2022.09.12-16.13.17:985][798]Player Graveworm#43883 entered movement mode Flying (player is not admin)
[2022.09.12-16.22.06:799][255]Player Graveworm#43883 entered movement mode Flying (player is not admin)
[2022.09.12-16.22.29:886][941]Player Graveworm#43883 entered movement mode Flying (player is not admin)
[2022.09.12-16.34.32:227][159]Player Graveworm#43883 entered movement mode Flying (player is not admin)
[2022.09.12-16.37.16:071][965]Player Graveworm#43883 entered movement mode Flying (player is not admin)
[2022.09.12-16.50.00:481][271]Player Graveworm#43883 entered movement mode Flying (player is not admin)
[2022.09.12-16.51.54:148][616]Player Graveworm#43883 entered movement mode Flying (player is not admin)
[2022.09.12-16.53.33:628][593]Player Graveworm#43883 entered movement mode Flying (player is not admin)
[2022.09.12-16.54.27:224][162]Player Graveworm#43883 entered movement mode Flying (player is not admin)
[2022.09.12-16.56.58:301][649]Player Graveworm#43883 entered movement mode Flying (player is not admin)
[2022.09.12-16.58.30:036][362]Player Graveworm#43883 entered movement mode Flying (player is not admin)
[2022.09.12-17.13.51:667][826]Player Graveworm#43883 entered movement mode Flying (player is not admin)
[2022.09.12-17.28.17:251][612]Player Graveworm#43883 entered movement mode Flying (player is not admin)
[2022.09.12-17.30.59:644][384]Player Graveworm#43883 entered movement mode Flying (player is not admin)
[2022.09.12-17.33.49:922][451]Player Graveworm#43883 entered movement mode Flying (player is not admin)
[2022.09.12-17.35.31:601][459]Player Graveworm#43883 entered movement mode Flying (player is not admin)
[2022.09.12-17.36.24:816][ 38]Player Graveworm#43883 entered movement mode Flying (player is not admin)
[2022.09.12-17.37.24:900][830]Player Graveworm#43883 entered movement mode Flying (player is not admin)
[2022.09.12-17.38.54:693][519]Player Graveworm#43883 entered movement mode Flying (player is not admin)
[2022.09.12-17.39.27:399][481]Player Graveworm#43883 entered movement mode Flying (player is not admin)
[2022.09.12-17.40.45:121][798]Player Graveworm#43883 entered movement mode Flying (player is not admin)
[2022.09.12-17.41.46:889][640]Player Graveworm#43883 entered movement mode Flying (player is not admin)
[2022.09.12-17.42.52:650][548]Player Graveworm#43883 entered movement mode Flying (player is not admin)
[2022.09.12-17.46.55:796][622]Player Graveworm#43883 entered movement mode Flying (player is not admin)
[2022.09.12-18.15.00:718][646]Player Graveworm#43883 entered movement mode Flying (player is not admin)
[2022.09.12-18.16.45:586][657]Player Graveworm#43883 entered movement mode Flying (player is not admin)
[2022.09.12-18.19.02:668][652]Player Graveworm#43883 entered movement mode Flying (player is not admin)
[2022.09.12-18.20.44:266][620]Player Graveworm#43883 entered movement mode Flying (player is not admin)
[2022.09.12-18.24.22:533][ 64]Player Graveworm#43883 entered movement mode Flying (player is not admin)
[2022.09.12-18.39.39:653][159]Player Graveworm#43883 entered movement mode Flying (player is not admin)
[2022.09.12-18.45.13:477][ 65]Player Graveworm#43883 entered movement mode Flying (player is not admin)
[2022.09.12-18.56.09:715][328]Player Graveworm#43883 entered movement mode Flying (player is not admin)
[2022.09.12-18.56.29:418][899]Player Graveworm#43883 entered movement mode Flying (player is not admin)
[2022.09.12-18.57.24:002][470]Player Graveworm#43883 entered movement mode Flying (player is not admin)
[2022.09.12-18.58.08:135][753]Player Graveworm#43883 entered movement mode Flying (player is not admin)
[2022.09.12-18.59.15:809][712]Player Graveworm#43883 entered movement mode Flying (player is not admin)
[2022.09.12-19.01.34:959][756]Player Graveworm#43883 entered movement mode Flying (player is not admin)
[2022.09.12-19.03.04:246][372]Player Graveworm#43883 entered movement mode Flying (player is not admin)
[2022.09.12-19.04.10:758][325]Player Graveworm#43883 entered movement mode Flying (player is not admin)
[2022.09.12-19.22.57:090][607]Player Graveworm#43883 entered movement mode Flying (player is not admin)
[2022.09.12-19.23.44:360][  5]Player Graveworm#43883 entered movement mode Flying (player is not admin)
[2022.09.12-19.25.57:422][926]Player Graveworm#43883 entered movement mode Flying (player is not admin)
[2022.09.12-19.30.10:023][397]Player Graveworm#43883 entered movement mode Flying (player is not admin)
[2022.09.12-19.44.19:913][147]Player Graveworm#43883 entered movement mode Flying (player is not admin)
[2022.09.12-19.45.51:771][737]Player Graveworm#43883 entered movement mode Flying (player is not admin)
[2022.09.12-19.46.42:199][197]Player Graveworm#43883 entered movement mode Flying (player is not admin)
[2022.09.12-19.47.11:878][ 37]Player Graveworm#43883 entered movement mode Flying (player is not admin)
[2022.09.12-19.49.48:548][495]Player Graveworm#43883 entered movement mode Flying (player is not admin)
[2022.09.12-19.50.40:999][994]Player Graveworm#43883 entered movement mode Flying (player is not admin)
[2022.09.12-19.54.12:129][230]Player Graveworm#43883 entered movement mode Flying (player is not admin)
[2022.09.12-19.56.50:628][919]Player Graveworm#43883 entered movement mode Flying (player is not admin)
[2022.09.12-19.59.08:586][984]Player Graveworm#43883 entered movement mode Flying (player is not admin)
[2022.09.12-20.03.11:410][170]Player Graveworm#43883 entered movement mode Flying (player is not admin)
[2022.09.12-20.05.03:590][484]Player Graveworm#43883 entered movement mode Flying (player is not admin)
[2022.09.12-20.24.54:263][651]Player Graveworm#43883 entered movement mode Flying (player is not admin)
[2022.09.12-20.28.23:521][853]Player Graveworm#43883 entered movement mode Flying (player is not admin)
[2022.09.12-20.29.59:377][658]Player Graveworm#43883 entered movement mode Flying (player is not admin)
[2022.09.12-20.30.45:742][ 31]Player Graveworm#43883 entered movement mode Flying (player is not admin)
[2022.09.12-20.31.10:763][785]Player Graveworm#43883 entered movement mode Flying (player is not admin)
[2022.09.12-20.32.07:187][461]Player Graveworm#43883 entered movement mode Flying (player is not admin)
[2022.09.12-20.38.24:487][564]Player Graveworm#43883 entered movement mode Flying (player is not admin)
[2022.09.12-20.39.54:583][200]Player Graveworm#43883 entered movement mode Flying (player is not admin)
[2022.09.12-20.43.38:247][856]Player Graveworm#43883 entered movement mode Flying (player is not admin)
[2022.09.12-20.46.38:911][205]Player Graveworm#43883 entered movement mode Flying (player is not admin)
[2022.09.12-20.48.23:760][294]Player Graveworm#43883 entered movement mode Flying (player is not admin)
[2022.09.12-20.48.45:710][958]Player Graveworm#43883 entered movement mode Flying (player is not admin)
[2022.09.12-20.50.25:506][886]Player Graveworm#43883 entered movement mode Flying (player is not admin)
[2022.09.12-20.52.54:256][ 50]Player Graveworm#43883 entered movement mode Flying (player is not admin)
[2022.09.12-20.55.15:154][213]Player Graveworm#43883 entered movement mode Flying (player is not admin)
[2022.09.12-20.56.23:400][227]Player Graveworm#43883 entered movement mode Flying (player is not admin)
[2022.09.12-20.59.44:017][122]Player Graveworm#43883 entered movement mode Flying (player is not admin)
[2022.09.12-21.12.04:345][927]Player Graveworm#43883 entered movement mode Flying (player is not admin)
[2022.09.12-21.13.21:600][191]Player Graveworm#43883 entered movement mode Flying (player is not admin)
[2022.09.12-21.14.10:561][674]Player Graveworm#43883 entered movement mode Flying (player is not admin)
[2022.09.12-21.18.22:207][146]Player Graveworm#43883 entered movement mode Flying (player is not admin)
[2022.09.12-21.18.48:209][931]Player Graveworm#43883 entered movement mode Flying (player is not admin)
[2022.09.12-21.19.33:345][268]Player Graveworm#43883 entered movement mode Flying (player is not admin)
[2022.09.12-21.21.14:784][275]Player Graveworm#43883 entered movement mode Flying (player is not admin)
[2022.09.12-21.22.37:819][714]Player Graveworm#43883 entered movement mode Flying (player is not admin)
[2022.09.12-21.26.35:333][725]Player Graveworm#43883 entered movement mode Flying (player is not admin)
