[2022.09.17-10.22.21:440][330]Log file open, 09/17/22 12:22:21
[2022.09.17-10.22.21:440][330]Player Graveworm#43883 entered movement mode Flying (player is not admin)
[2022.09.17-10.28.01:628][473]Player Graveworm#43883 entered movement mode Flying (player is not admin)
[2022.09.17-10.29.42:159][467]Player Graveworm#43883 entered movement mode Flying (player is not admin)
[2022.09.17-10.32.25:408][366]Player Graveworm#43883 entered movement mode Flying (player is not admin)
[2022.09.17-10.35.38:016][100]Player Graveworm#43883 entered movement mode Flying (player is not admin)
[2022.09.17-10.39.22:791][807]Player Graveworm#43883 entered movement mode Flying (player is not admin)
[2022.09.17-10.39.47:874][544]Player Graveworm#43883 entered movement mode Flying (player is not admin)
[2022.09.17-10.40.31:615][866]Player Graveworm#43883 entered movement mode Flying (player is not admin)
[2022.09.17-10.42.22:087][153]Player Graveworm#43883 entered movement mode Flying (player is not admin)
[2022.09.17-11.01.58:938][116]Player Graveworm#43883 entered movement mode Flying (player is not admin)
[2022.09.17-11.04.07:135][955]Player Graveworm#43883 entered movement mode Flying (player is not admin)
[2022.09.17-11.05.34:456][572]Player Graveworm#43883 entered movement mode Flying (player is not admin)
[2022.09.17-11.18.24:949][348]Player Graveworm#43883 entered movement mode Flying (player is not admin)
[2022.09.17-11.19.59:400][190]Player Graveworm#43883 entered movement mode Flying (player is not admin)
[2022.09.17-11.21.09:627][271]Player Graveworm#43883 entered movement mode Flying (player is not admin)
[2022.09.17-11.23.43:004][825]Player Graveworm#43883 entered movement mode Flying (player is not admin)
[2022.09.17-11.25.02:706][208]Player Graveworm#43883 entered movement mode Flying (player is not admin)
[2022.09.17-11.27.52:541][278]Player Graveworm#43883 entered movement mode Flying (player is not admin)
[2022.09.17-11.32.50:766][200]Player Graveworm#43883 entered movement mode Flying (player is not admin)
[2022.09.17-11.37.00:964][696]Player Graveworm#43883 entered movement mode Flying (player is not admin)
[2022.09.17-12.47.55:545][917]Player Graveworm#43883 entered movement mode Flying (player is not admin)
[2022.09.17-12.49.03:955][964]Player Graveworm#43883 entered movement mode Flying (player is not admin)
[2022.09.17-12.50.30:879][555]Player Graveworm#43883 entered movement mode Flying (player is not admin)
[2022.09.17-12.58.24:542][709]Player Graveworm#43883 entered movement mode Flying (player is not admin)
[2022.09.17-13.03.35:177][977]Player Graveworm#43883 entered movement mode Flying (player is not admin)
[2022.09.17-13.06.26:936][107]Player Graveworm#43883 entered movement mode Flying (player is not admin)
[2022.09.17-13.07.10:182][390]Player Graveworm#43883 entered movement mode Flying (player is not admin)
[2022.09.17-13.12.17:340][560]Player Graveworm#43883 entered movement mode Flying (player is not admin)
[2022.09.17-13.13.29:588][724]Player Graveworm#43883 entered movement mode Flying (player is not admin)
[2022.09.17-13.15.25:917][197]Player Graveworm#43883 entered movement mode Flying (player is not admin)
[2022.09.17-13.16.19:951][808]Player Graveworm#43883 entered movement mode Flying (player is not admin)
[2022.09.17-13.18.31:664][745]Player Graveworm#43883 entered movement mode Flying (player is not admin)
[2022.09.17-14.39.02:168][882]Player Graveworm#43883 entered movement mode Flying (player is not admin)
[2022.09.17-14.40.21:184][251]Player Graveworm#43883 entered movement mode Flying (player is not admin)
[2022.09.17-14.42.11:996][560]Player Graveworm#43883 entered movement mode Flying (player is not admin)
[2022.09.17-14.44.28:529][490]Player Graveworm#43883 entered movement mode Flying (player is not admin)
[2022.09.17-14.45.26:187][211]Player Graveworm#43883 entered movement mode Flying (player is not admin)
[2022.09.17-14.51.43:472][499]Player Graveworm#43883 entered movement mode Flying (player is not admin)
[2022.09.17-14.56.23:161][815]Player Graveworm#43883 entered movement mode Flying (player is not admin)
[2022.09.17-14.58.59:872][491]Player Graveworm#43883 entered movement mode Flying (player is not admin)
[2022.09.17-15.50.53:923][490]Player Graveworm#43883 entered movement mode Flying (player is not admin)
[2022.09.17-15.53.03:957][382]Player Graveworm#43883 entered movement mode Flying (player is not admin)
[2022.09.17-15.54.09:070][333]Player Graveworm#43883 entered movement mode Flying (player is not admin)
[2022.09.17-15.54.59:787][845]Player Graveworm#43883 entered movement mode Flying (player is not admin)
[2022.09.17-15.57.11:158][677]Player Graveworm#43883 entered movement mode Flying (player is not admin)
[2022.09.17-15.58.00:335][142]Player Graveworm#43883 entered movement mode Flying (player is not admin)
[2022.09.17-16.18.28:406][547]Player Graveworm#43883 entered movement mode Flying (player is not admin)
[2022.09.17-16.19.48:748][928]Player Graveworm#43883 entered movement mode Flying (player is not admin)
[2022.09.17-16.21.24:634][807]Player Graveworm#43883 entered movement mode Flying (player is not admin)
[2022.09.17-16.54.41:111][342]Player Space Wolchara#66015 entered movement mode Flying (player is not admin)
[2022.09.17-16.55.25:445][649]Player Graveworm#43883 entered movement mode Flying (player is not admin)
[2022.09.17-17.04.32:114][967]Player Graveworm#43883 entered movement mode Flying (player is not admin)
[2022.09.17-17.04.46:713][410]Player Graveworm#43883 entered movement mode Flying (player is not admin)
[2022.09.17-17.05.56:701][486]Player Space Wolchara#66015 entered movement mode Flying (player is not admin)
[2022.09.17-17.07.02:828][425]Player Graveworm#43883 entered movement mode Flying (player is not admin)
[2022.09.17-17.13.44:386][429]Player Graveworm#43883 entered movement mode Flying (player is not admin)
[2022.09.17-17.18.37:109][157]Player Graveworm#43883 entered movement mode Flying (player is not admin)
[2022.09.17-17.27.43:473][458]Player Space Wolchara#66015 entered movement mode Flying (player is not admin)
[2022.09.17-17.27.50:474][670]Player Graveworm#43883 entered movement mode Flying (player is not admin)
[2022.09.17-17.29.17:206][236]Player Space Wolchara#66015 entered movement mode Flying (player is not admin)
[2022.09.17-17.33.25:562][627]Player Graveworm#43883 entered movement mode Flying (player is not admin)
[2022.09.17-17.33.51:179][402]Player Space Wolchara#66015 entered movement mode Flying (player is not admin)
[2022.09.17-17.36.34:866][247]Player Graveworm#43883 entered movement mode Flying (player is not admin)
[2022.09.17-18.13.56:729][866]Player Graveworm#43883 entered movement mode Flying (player is not admin)
[2022.09.17-18.22.47:136][483]Player Space Wolchara#66015 entered movement mode Flying (player is not admin)
[2022.09.17-18.24.06:074][846]Player Graveworm#43883 entered movement mode Flying (player is not admin)
[2022.09.17-18.29.13:875][ 17]Player Space Wolchara#66015 entered movement mode Flying (player is not admin)
[2022.09.17-18.34.00:341][534]Player Graveworm#43883 entered movement mode Flying (player is not admin)
[2022.09.17-18.37.34:334][816]Player Space Wolchara#66015 entered movement mode Flying (player is not admin)
[2022.09.17-18.38.10:271][830]Player Graveworm#43883 entered movement mode Flying (player is not admin)
[2022.09.17-18.43.36:294][444]Player Graveworm#43883 entered movement mode Flying (player is not admin)
[2022.09.17-18.49.26:259][703]Player Graveworm#43883 entered movement mode Flying (player is not admin)
[2022.09.17-19.08.36:721][401]Player Graveworm#43883 entered movement mode Flying (player is not admin)
[2022.09.17-19.09.42:613][306]Player Graveworm#43883 entered movement mode Flying (player is not admin)
[2022.09.17-19.10.25:265][556]Player Graveworm#43883 entered movement mode Flying (player is not admin)
[2022.09.17-19.12.40:037][551]Player Graveworm#43883 entered movement mode Flying (player is not admin)
[2022.09.17-19.13.21:552][780]Player Graveworm#43883 entered movement mode Flying (player is not admin)
[2022.09.17-19.18.23:686][695]Player Graveworm#43883 entered movement mode Flying (player is not admin)
[2022.09.17-19.22.47:400][532]Player Graveworm#43883 entered movement mode Flying (player is not admin)
[2022.09.17-19.28.10:017][ 94]Player Graveworm#43883 entered movement mode Flying (player is not admin)
[2022.09.17-19.42.14:679][199]Player Space Wolchara#66015 entered movement mode Flying (player is not admin)
[2022.09.17-19.49.02:248][157]Player Graveworm#43883 entered movement mode Flying (player is not admin)
[2022.09.17-19.50.59:398][208]Player Graveworm#43883 entered movement mode Flying (player is not admin)
[2022.09.17-20.25.30:617][919]Player Graveworm#43883 entered movement mode Flying (player is not admin)
